2022-03-14 20:31:28,792 INFO [root] [base.py (__init__:__init__:12)]-inint driver<selenium.webdriver.chrome.webdriver.WebDriver (session="32699ff9405ec80e50db585e5eaf580c")>
2022-03-14 20:31:28,917 INFO [root] [base.py (__init__:__init__:14)]-max window<selenium.webdriver.chrome.webdriver.WebDriver (session="32699ff9405ec80e50db585e5eaf580c")>
2022-03-14 20:31:30,288 INFO [root] [base.py (__init__:__init__:16)]-open url
2022-03-14 20:31:30,292 INFO [root] [base.py (base_click:base_click:29)]-click element('css selector', '#simpleClearAllBtn')
2022-03-14 20:31:30,292 INFO [root] [base.py (base_find:base_find:22)]-find element('css selector', '#simpleClearAllBtn')
2022-03-14 20:31:30,334 INFO [root] [base.py (base_click:base_click:29)]-click element('css selector', '#simple1')
2022-03-14 20:31:30,334 INFO [root] [base.py (base_find:base_find:22)]-find element('css selector', '#simple1')
2022-03-14 20:31:30,376 INFO [root] [base.py (base_click:base_click:29)]-click element('css selector', '#simpleAdd')
2022-03-14 20:31:30,376 INFO [root] [base.py (base_find:base_find:22)]-find element('css selector', '#simpleAdd')
2022-03-14 20:31:30,416 INFO [root] [base.py (base_click:base_click:29)]-click element('css selector', '#simple1')
2022-03-14 20:31:30,416 INFO [root] [base.py (base_find:base_find:22)]-find element('css selector', '#simple1')
2022-03-14 20:31:30,437 INFO [root] [base.py (base_click:base_click:29)]-click element('css selector', '#simpleEqual')
2022-03-14 20:31:30,437 INFO [root] [base.py (base_find:base_find:22)]-find element('css selector', '#simpleEqual')
2022-03-14 20:31:30,476 INFO [root] [base.py (base_get_value:base_get_value:35)]-get inputElement('css selector', '#resultIpt') value
2022-03-14 20:31:30,477 INFO [root] [base.py (base_find:base_find:22)]-find element('css selector', '#resultIpt')
2022-03-14 20:31:30,491 INFO [root] [base.py (base_click:base_click:29)]-click element('css selector', '#simpleClearAllBtn')
2022-03-14 20:31:30,491 INFO [root] [base.py (base_find:base_find:22)]-find element('css selector', '#simpleClearAllBtn')
2022-03-14 20:31:30,518 INFO [root] [base.py (base_click:base_click:29)]-click element('css selector', '#simple1')
2022-03-14 20:31:30,518 INFO [root] [base.py (base_find:base_find:22)]-find element('css selector', '#simple1')
2022-03-14 20:31:30,548 INFO [root] [base.py (base_click:base_click:29)]-click element('css selector', '#simple0')
2022-03-14 20:31:30,549 INFO [root] [base.py (base_find:base_find:22)]-find element('css selector', '#simple0')
2022-03-14 20:31:30,593 INFO [root] [base.py (base_click:base_click:29)]-click element('css selector', '#simpleAdd')
2022-03-14 20:31:30,593 INFO [root] [base.py (base_find:base_find:22)]-find element('css selector', '#simpleAdd')
2022-03-14 20:31:30,621 INFO [root] [base.py (base_click:base_click:29)]-click element('css selector', '#simple0')
2022-03-14 20:31:30,622 INFO [root] [base.py (base_find:base_find:22)]-find element('css selector', '#simple0')
2022-03-14 20:31:30,645 INFO [root] [base.py (base_click:base_click:29)]-click element('css selector', '#simpleEqual')
2022-03-14 20:31:30,646 INFO [root] [base.py (base_find:base_find:22)]-find element('css selector', '#simpleEqual')
2022-03-14 20:31:30,667 INFO [root] [base.py (base_get_value:base_get_value:35)]-get inputElement('css selector', '#resultIpt') value
2022-03-14 20:31:30,667 INFO [root] [base.py (base_find:base_find:22)]-find element('css selector', '#resultIpt')
2022-03-14 20:31:30,675 INFO [root] [base.py (base_click:base_click:29)]-click element('css selector', '#simpleClearAllBtn')
2022-03-14 20:31:30,675 INFO [root] [base.py (base_find:base_find:22)]-find element('css selector', '#simpleClearAllBtn')
2022-03-14 20:31:30,700 INFO [root] [base.py (base_click:base_click:29)]-click element('css selector', '#simple1')
2022-03-14 20:31:30,700 INFO [root] [base.py (base_find:base_find:22)]-find element('css selector', '#simple1')
2022-03-14 20:31:30,724 INFO [root] [base.py (base_click:base_click:29)]-click element('css selector', '#simple1')
2022-03-14 20:31:30,724 INFO [root] [base.py (base_find:base_find:22)]-find element('css selector', '#simple1')
2022-03-14 20:31:30,748 INFO [root] [base.py (base_click:base_click:29)]-click element('css selector', '#simple1')
2022-03-14 20:31:30,748 INFO [root] [base.py (base_find:base_find:22)]-find element('css selector', '#simple1')
2022-03-14 20:31:30,771 INFO [root] [base.py (base_click:base_click:29)]-click element('css selector', '#simple2')
2022-03-14 20:31:30,771 INFO [root] [base.py (base_find:base_find:22)]-find element('css selector', '#simple2')
2022-03-14 20:31:30,810 INFO [root] [base.py (base_click:base_click:29)]-click element('css selector', '#simple3')
2022-03-14 20:31:30,810 INFO [root] [base.py (base_find:base_find:22)]-find element('css selector', '#simple3')
2022-03-14 20:31:30,849 INFO [root] [base.py (base_click:base_click:29)]-click element('css selector', '#simple1')
2022-03-14 20:31:30,850 INFO [root] [base.py (base_find:base_find:22)]-find element('css selector', '#simple1')
2022-03-14 20:31:30,875 INFO [root] [base.py (base_click:base_click:29)]-click element('css selector', '#simple2')
2022-03-14 20:31:30,875 INFO [root] [base.py (base_find:base_find:22)]-find element('css selector', '#simple2')
2022-03-14 20:31:30,902 INFO [root] [base.py (base_click:base_click:29)]-click element('css selector', '#simple3')
2022-03-14 20:31:30,902 INFO [root] [base.py (base_find:base_find:22)]-find element('css selector', '#simple3')
2022-03-14 20:31:30,932 INFO [root] [base.py (base_click:base_click:29)]-click element('css selector', '#simpleAdd')
2022-03-14 20:31:30,932 INFO [root] [base.py (base_find:base_find:22)]-find element('css selector', '#simpleAdd')
2022-03-14 20:31:30,956 INFO [root] [base.py (base_click:base_click:29)]-click element('css selector', '#simple1')
2022-03-14 20:31:30,956 INFO [root] [base.py (base_find:base_find:22)]-find element('css selector', '#simple1')
2022-03-14 20:31:30,976 INFO [root] [base.py (base_click:base_click:29)]-click element('css selector', '#simpleEqual')
2022-03-14 20:31:30,976 INFO [root] [base.py (base_find:base_find:22)]-find element('css selector', '#simpleEqual')
2022-03-14 20:31:30,996 INFO [root] [base.py (base_get_value:base_get_value:35)]-get inputElement('css selector', '#resultIpt') value
2022-03-14 20:31:30,996 INFO [root] [base.py (base_find:base_find:22)]-find element('css selector', '#resultIpt')
2022-03-14 20:32:52,170 INFO [root] [base.py (__init__:__init__:12)]-inint driver<selenium.webdriver.chrome.webdriver.WebDriver (session="8adfcbef12c74ad9559a9d7c3d2f41c7")>
2022-03-14 20:32:52,301 INFO [root] [base.py (__init__:__init__:14)]-max window<selenium.webdriver.chrome.webdriver.WebDriver (session="8adfcbef12c74ad9559a9d7c3d2f41c7")>
2022-03-14 20:32:52,694 ERROR [root] [test_calc.py (setUpClass:setUpClass:25)]-Message: unknown error: net::ERR_NAME_NOT_RESOLVED
  (Session info: chrome=99.0.4844.51)

2022-03-14 20:33:38,509 INFO [root] [base.py (__init__:__init__:12)]-inint driver<selenium.webdriver.chrome.webdriver.WebDriver (session="59afa54d023aa8f4ab9e80b9dc5a4f94")>
2022-03-14 20:33:38,636 INFO [root] [base.py (__init__:__init__:14)]-max window<selenium.webdriver.chrome.webdriver.WebDriver (session="59afa54d023aa8f4ab9e80b9dc5a4f94")>
2022-03-14 20:33:39,894 INFO [root] [base.py (__init__:__init__:16)]-open url
2022-03-14 20:33:39,897 INFO [root] [base.py (base_click:base_click:29)]-click element('css selector', '#simpleClearAllBtn')
2022-03-14 20:33:39,897 INFO [root] [base.py (base_find:base_find:22)]-find element('css selector', '#simpleClearAllBtn')
2022-03-14 20:33:39,941 INFO [root] [base.py (base_click:base_click:29)]-click element('css selector', '#simple1')
2022-03-14 20:33:39,941 INFO [root] [base.py (base_find:base_find:22)]-find element('css selector', '#simple1')
2022-03-14 20:33:39,980 INFO [root] [base.py (base_click:base_click:29)]-click element('css selector', '#simpleAdd')
2022-03-14 20:33:39,980 INFO [root] [base.py (base_find:base_find:22)]-find element('css selector', '#simpleAdd')
2022-03-14 20:33:40,014 INFO [root] [base.py (base_click:base_click:29)]-click element('css selector', '#simple1')
2022-03-14 20:33:40,014 INFO [root] [base.py (base_find:base_find:22)]-find element('css selector', '#simple1')
2022-03-14 20:33:40,034 INFO [root] [base.py (base_click:base_click:29)]-click element('css selector', '#simpleEqual')
2022-03-14 20:33:40,034 INFO [root] [base.py (base_find:base_find:22)]-find element('css selector', '#simpleEqual')
2022-03-14 20:33:40,073 INFO [root] [base.py (base_get_value:base_get_value:35)]-get inputElement('css selector', '#resultIpt') value
2022-03-14 20:33:40,074 INFO [root] [base.py (base_find:base_find:22)]-find element('css selector', '#resultIpt')
2022-03-14 20:33:40,089 INFO [root] [base.py (base_click:base_click:29)]-click element('css selector', '#simpleClearAllBtn')
2022-03-14 20:33:40,089 INFO [root] [base.py (base_find:base_find:22)]-find element('css selector', '#simpleClearAllBtn')
2022-03-14 20:33:40,116 INFO [root] [base.py (base_click:base_click:29)]-click element('css selector', '#simple1')
2022-03-14 20:33:40,116 INFO [root] [base.py (base_find:base_find:22)]-find element('css selector', '#simple1')
2022-03-14 20:33:40,140 INFO [root] [base.py (base_click:base_click:29)]-click element('css selector', '#simple0')
2022-03-14 20:33:40,140 INFO [root] [base.py (base_find:base_find:22)]-find element('css selector', '#simple0')
2022-03-14 20:33:40,183 INFO [root] [base.py (base_click:base_click:29)]-click element('css selector', '#simpleAdd')
2022-03-14 20:33:40,183 INFO [root] [base.py (base_find:base_find:22)]-find element('css selector', '#simpleAdd')
2022-03-14 20:33:40,203 INFO [root] [base.py (base_click:base_click:29)]-click element('css selector', '#simple0')
2022-03-14 20:33:40,203 INFO [root] [base.py (base_find:base_find:22)]-find element('css selector', '#simple0')
2022-03-14 20:33:40,230 INFO [root] [base.py (base_click:base_click:29)]-click element('css selector', '#simpleEqual')
2022-03-14 20:33:40,230 INFO [root] [base.py (base_find:base_find:22)]-find element('css selector', '#simpleEqual')
2022-03-14 20:33:40,254 INFO [root] [base.py (base_get_value:base_get_value:35)]-get inputElement('css selector', '#resultIpt') value
2022-03-14 20:33:40,254 INFO [root] [base.py (base_find:base_find:22)]-find element('css selector', '#resultIpt')
2022-03-14 20:33:40,264 INFO [root] [base.py (base_click:base_click:29)]-click element('css selector', '#simpleClearAllBtn')
2022-03-14 20:33:40,264 INFO [root] [base.py (base_find:base_find:22)]-find element('css selector', '#simpleClearAllBtn')
2022-03-14 20:33:40,286 INFO [root] [base.py (base_click:base_click:29)]-click element('css selector', '#simple1')
2022-03-14 20:33:40,287 INFO [root] [base.py (base_find:base_find:22)]-find element('css selector', '#simple1')
2022-03-14 20:33:40,307 INFO [root] [base.py (base_click:base_click:29)]-click element('css selector', '#simple1')
2022-03-14 20:33:40,307 INFO [root] [base.py (base_find:base_find:22)]-find element('css selector', '#simple1')
2022-03-14 20:33:40,331 INFO [root] [base.py (base_click:base_click:29)]-click element('css selector', '#simple1')
2022-03-14 20:33:40,331 INFO [root] [base.py (base_find:base_find:22)]-find element('css selector', '#simple1')
2022-03-14 20:33:40,353 INFO [root] [base.py (base_click:base_click:29)]-click element('css selector', '#simple2')
2022-03-14 20:33:40,353 INFO [root] [base.py (base_find:base_find:22)]-find element('css selector', '#simple2')
2022-03-14 20:33:40,389 INFO [root] [base.py (base_click:base_click:29)]-click element('css selector', '#simple3')
2022-03-14 20:33:40,389 INFO [root] [base.py (base_find:base_find:22)]-find element('css selector', '#simple3')
2022-03-14 20:33:40,429 INFO [root] [base.py (base_click:base_click:29)]-click element('css selector', '#simple1')
2022-03-14 20:33:40,429 INFO [root] [base.py (base_find:base_find:22)]-find element('css selector', '#simple1')
2022-03-14 20:33:40,454 INFO [root] [base.py (base_click:base_click:29)]-click element('css selector', '#simple2')
2022-03-14 20:33:40,454 INFO [root] [base.py (base_find:base_find:22)]-find element('css selector', '#simple2')
2022-03-14 20:33:40,477 INFO [root] [base.py (base_click:base_click:29)]-click element('css selector', '#simple3')
2022-03-14 20:33:40,477 INFO [root] [base.py (base_find:base_find:22)]-find element('css selector', '#simple3')
2022-03-14 20:33:40,502 INFO [root] [base.py (base_click:base_click:29)]-click element('css selector', '#simpleAdd')
2022-03-14 20:33:40,502 INFO [root] [base.py (base_find:base_find:22)]-find element('css selector', '#simpleAdd')
2022-03-14 20:33:40,526 INFO [root] [base.py (base_click:base_click:29)]-click element('css selector', '#simple1')
2022-03-14 20:33:40,526 INFO [root] [base.py (base_find:base_find:22)]-find element('css selector', '#simple1')
2022-03-14 20:33:40,553 INFO [root] [base.py (base_click:base_click:29)]-click element('css selector', '#simpleEqual')
2022-03-14 20:33:40,553 INFO [root] [base.py (base_find:base_find:22)]-find element('css selector', '#simpleEqual')
2022-03-14 20:33:40,574 INFO [root] [base.py (base_get_value:base_get_value:35)]-get inputElement('css selector', '#resultIpt') value
2022-03-14 20:33:40,574 INFO [root] [base.py (base_find:base_find:22)]-find element('css selector', '#resultIpt')
